2022-05-31 13:19:21,818 - Fast API - INFO  - handlers.py - handlers: get_historical: 115 - BTC-USD
2022-05-31 13:19:23,060 - Fast API - INFO  - handlers.py - handlers: get_historical: 118 -                     High           Low  ...        Volume     Adj Close
Date                                    ...                            
2021-05-30  36400.667969  33520.738281  ...  3.164608e+10  35678.128906
2021-05-31  37468.250000  34241.945312  ...  3.900985e+10  37332.855469
2021-06-01  37896.734375  35787.085938  ...  3.463942e+10  36684.925781
2021-06-02  38231.339844  35966.308594  ...  3.307087e+10  37575.179688
2021-06-03  39478.953125  37243.972656  ...  3.546075e+10  39208.765625
...                  ...           ...  ...           ...           ...
2022-05-25  30157.785156  29384.949219  ...  2.752506e+10  29562.361328
2022-05-26  29834.160156  28261.906250  ...  3.677433e+10  29267.224609
2022-05-27  29346.943359  28326.613281  ...  3.658201e+10  28627.574219
2022-05-28  28814.900391  28554.566406  ...  3.551958e+10  28814.900391
2022-05-31  31774.306641  31474.814453  ...  3.741658e+10  31536.490234

[365 rows x 6 columns]
2022-05-31 13:19:23,139 - Fast API - INFO  - main.py - main: insertintostock: 134 - ##############################################################################
2022-05-31 13:19:23,139 - Fast API - INFO  - main.py - main: insertintostock: 135 - Today'sBTC-USDStock Data: 
2022-05-31 13:19:23,139 - Fast API - INFO  - main.py - main: insertintostock: 137 -            Date          High  ...        Volume     Adj Close
364  2022-05-31  31774.306641  ...  3.741658e+10  31536.490234

[1 rows x 7 columns]
2022-05-31 13:19:23,168 - Fast API - INFO  - main.py - main: insertintostock: 138 - ##############################################################################
2022-05-31 13:19:40,252 - Fast API - INFO  - handlers.py - handlers: ARIMA_ALGO: 187 - ##############################################################################
2022-05-31 13:19:40,252 - Fast API - INFO  - handlers.py - handlers: ARIMA_ALGO: 189 - Tomorrow's BTC-USD  Closing Price Prediction by ARIMA:28617.541356453297
2022-05-31 13:19:40,252 - Fast API - INFO  - handlers.py - handlers: ARIMA_ALGO: 192 - ARIMA RMSE:1236.8096048907166
2022-05-31 13:19:40,253 - Fast API - INFO  - handlers.py - handlers: ARIMA_ALGO: 193 - ##############################################################################
2022-05-31 13:20:01,968 - Fast API - INFO  - handlers.py - handlers: LSTM_ALGO: 319 - ##############################################################################
2022-05-31 13:20:01,969 - Fast API - INFO  - handlers.py - handlers: LSTM_ALGO: 320 - Tomorrow's BTC-USD Closing Price Prediction by LSTM: 31196.953125
2022-05-31 13:20:01,969 - Fast API - INFO  - handlers.py - handlers: LSTM_ALGO: 321 - LSTM RMSE:2434.3849734799956
2022-05-31 13:20:01,969 - Fast API - INFO  - handlers.py - handlers: LSTM_ALGO: 322 - ##############################################################################
2022-05-31 13:20:02,095 - Fast API - INFO  - handlers.py - handlers: LIN_REG_ALGO: 382 - ##############################################################################
2022-05-31 13:20:02,096 - Fast API - INFO  - handlers.py - handlers: LIN_REG_ALGO: 383 - Tomorrow's BTC-USD Closing Price Prediction by Linear Regression: 32274.89986546967
2022-05-31 13:20:02,096 - Fast API - INFO  - handlers.py - handlers: LIN_REG_ALGO: 384 - Linear Regression RMSE:4885.617291225542
2022-05-31 13:20:02,096 - Fast API - INFO  - handlers.py - handlers: LIN_REG_ALGO: 385 - ##############################################################################
2022-05-31 13:21:23,610 - Fast API - INFO  - handlers.py - handlers: get_historical: 115 - BTC-USD
2022-05-31 13:21:24,711 - Fast API - INFO  - handlers.py - handlers: get_historical: 118 -                     High           Low  ...        Volume     Adj Close
Date                                    ...                            
2021-05-30  36400.667969  33520.738281  ...  3.164608e+10  35678.128906
2021-05-31  37468.250000  34241.945312  ...  3.900985e+10  37332.855469
2021-06-01  37896.734375  35787.085938  ...  3.463942e+10  36684.925781
2021-06-02  38231.339844  35966.308594  ...  3.307087e+10  37575.179688
2021-06-03  39478.953125  37243.972656  ...  3.546075e+10  39208.765625
...                  ...           ...  ...           ...           ...
2022-05-25  30157.785156  29384.949219  ...  2.752506e+10  29562.361328
2022-05-26  29834.160156  28261.906250  ...  3.677433e+10  29267.224609
2022-05-27  29346.943359  28326.613281  ...  3.658201e+10  28627.574219
2022-05-28  28814.900391  28554.566406  ...  3.551958e+10  28814.900391
2022-05-31  31774.306641  31474.814453  ...  3.739069e+10  31515.980469

[365 rows x 6 columns]
2022-05-31 13:21:24,770 - Fast API - INFO  - main.py - main: insertintostock: 134 - ##############################################################################
2022-05-31 13:21:24,770 - Fast API - INFO  - main.py - main: insertintostock: 135 - Today'sBTC-USDStock Data: 
2022-05-31 13:21:24,770 - Fast API - INFO  - main.py - main: insertintostock: 137 -            Date          High  ...        Volume     Adj Close
364  2022-05-31  31774.306641  ...  3.739069e+10  31515.980469

[1 rows x 7 columns]
2022-05-31 13:21:24,790 - Fast API - INFO  - main.py - main: insertintostock: 138 - ##############################################################################
2022-05-31 13:21:42,752 - Fast API - INFO  - handlers.py - handlers: ARIMA_ALGO: 187 - ##############################################################################
2022-05-31 13:21:42,752 - Fast API - INFO  - handlers.py - handlers: ARIMA_ALGO: 189 - Tomorrow's BTC-USD  Closing Price Prediction by ARIMA:28617.541356453297
2022-05-31 13:21:42,752 - Fast API - INFO  - handlers.py - handlers: ARIMA_ALGO: 192 - ARIMA RMSE:1236.2060581477544
2022-05-31 13:21:42,752 - Fast API - INFO  - handlers.py - handlers: ARIMA_ALGO: 193 - ##############################################################################
2022-05-31 13:21:57,209 - Fast API - INFO  - handlers.py - handlers: LSTM_ALGO: 319 - ##############################################################################
2022-05-31 13:21:57,209 - Fast API - INFO  - handlers.py - handlers: LSTM_ALGO: 320 - Tomorrow's BTC-USD Closing Price Prediction by LSTM: 30759.90234375
2022-05-31 13:21:57,209 - Fast API - INFO  - handlers.py - handlers: LSTM_ALGO: 321 - LSTM RMSE:2357.2641702762867
2022-05-31 13:21:57,209 - Fast API - INFO  - handlers.py - handlers: LSTM_ALGO: 322 - ##############################################################################
2022-05-31 13:21:57,310 - Fast API - INFO  - handlers.py - handlers: LIN_REG_ALGO: 382 - ##############################################################################
2022-05-31 13:21:57,310 - Fast API - INFO  - handlers.py - handlers: LIN_REG_ALGO: 383 - Tomorrow's BTC-USD Closing Price Prediction by Linear Regression: 32274.89986546967
2022-05-31 13:21:57,310 - Fast API - INFO  - handlers.py - handlers: LIN_REG_ALGO: 384 - Linear Regression RMSE:4885.736926810792
2022-05-31 13:21:57,310 - Fast API - INFO  - handlers.py - handlers: LIN_REG_ALGO: 385 - ##############################################################################
2022-05-31 13:23:54,071 - Fast API - INFO  - handlers.py - handlers: get_historical: 115 - BTC-USD
2022-05-31 13:23:55,141 - Fast API - INFO  - handlers.py - handlers: get_historical: 118 -                     High           Low  ...        Volume     Adj Close
Date                                    ...                            
2021-05-30  36400.667969  33520.738281  ...  3.164608e+10  35678.128906
2021-05-31  37468.250000  34241.945312  ...  3.900985e+10  37332.855469
2021-06-01  37896.734375  35787.085938  ...  3.463942e+10  36684.925781
2021-06-02  38231.339844  35966.308594  ...  3.307087e+10  37575.179688
2021-06-03  39478.953125  37243.972656  ...  3.546075e+10  39208.765625
...                  ...           ...  ...           ...           ...
2022-05-25  30157.785156  29384.949219  ...  2.752506e+10  29562.361328
2022-05-26  29834.160156  28261.906250  ...  3.677433e+10  29267.224609
2022-05-27  29346.943359  28326.613281  ...  3.658201e+10  28627.574219
2022-05-28  28814.900391  28554.566406  ...  3.551958e+10  28814.900391
2022-05-31  31774.306641  31474.814453  ...  3.739753e+10  31529.554688

[365 rows x 6 columns]
2022-05-31 13:23:55,179 - Fast API - INFO  - main.py - main: insertintostock: 134 - ##############################################################################
2022-05-31 13:23:55,179 - Fast API - INFO  - main.py - main: insertintostock: 135 - Today'sBTC-USDStock Data: 
2022-05-31 13:23:55,179 - Fast API - INFO  - main.py - main: insertintostock: 137 -            Date          High  ...        Volume     Adj Close
364  2022-05-31  31774.306641  ...  3.739753e+10  31529.554688

[1 rows x 7 columns]
2022-05-31 13:23:55,200 - Fast API - INFO  - main.py - main: insertintostock: 138 - ##############################################################################
2022-05-31 13:24:13,789 - Fast API - INFO  - handlers.py - handlers: ARIMA_ALGO: 187 - ##############################################################################
2022-05-31 13:24:13,789 - Fast API - INFO  - handlers.py - handlers: ARIMA_ALGO: 189 - Tomorrow's BTC-USD  Closing Price Prediction by ARIMA:28617.541356453297
2022-05-31 13:24:13,790 - Fast API - INFO  - handlers.py - handlers: ARIMA_ALGO: 192 - ARIMA RMSE:1236.6050220827633
2022-05-31 13:24:13,790 - Fast API - INFO  - handlers.py - handlers: ARIMA_ALGO: 193 - ##############################################################################
2022-05-31 13:24:27,814 - Fast API - INFO  - handlers.py - handlers: LSTM_ALGO: 319 - ##############################################################################
2022-05-31 13:24:27,815 - Fast API - INFO  - handlers.py - handlers: LSTM_ALGO: 320 - Tomorrow's BTC-USD Closing Price Prediction by LSTM: 30587.255859375
2022-05-31 13:24:27,815 - Fast API - INFO  - handlers.py - handlers: LSTM_ALGO: 321 - LSTM RMSE:2302.040158536423
2022-05-31 13:24:27,815 - Fast API - INFO  - handlers.py - handlers: LSTM_ALGO: 322 - ##############################################################################
2022-05-31 13:24:27,917 - Fast API - INFO  - handlers.py - handlers: LIN_REG_ALGO: 382 - ##############################################################################
2022-05-31 13:24:27,918 - Fast API - INFO  - handlers.py - handlers: LIN_REG_ALGO: 383 - Tomorrow's BTC-USD Closing Price Prediction by Linear Regression: 32274.89986546967
2022-05-31 13:24:27,919 - Fast API - INFO  - handlers.py - handlers: LIN_REG_ALGO: 384 - Linear Regression RMSE:4885.657601334224
2022-05-31 13:24:27,919 - Fast API - INFO  - handlers.py - handlers: LIN_REG_ALGO: 385 - ##############################################################################
2022-05-31 13:24:50,654 - Fast API - INFO  - handlers.py - handlers: retrieving_tweets_polarity_stock: 481 - ##############################################################################
2022-05-31 13:24:50,655 - Fast API - INFO  - handlers.py - handlers: retrieving_tweets_polarity_stock: 482 - Positive Tweets :99Negative Tweets :57Neutral Tweets :144
2022-05-31 13:24:50,655 - Fast API - INFO  - handlers.py - handlers: retrieving_tweets_polarity_stock: 483 - ##############################################################################
2022-05-31 13:24:50,730 - Fast API - INFO  - handlers.py - handlers: retrieving_tweets_polarity_stock: 497 - ##############################################################################
2022-05-31 13:24:50,730 - Fast API - INFO  - handlers.py - handlers: retrieving_tweets_polarity_stock: 498 - Tweets Polarity: Overall Positive
2022-05-31 13:24:50,730 - Fast API - INFO  - handlers.py - handlers: retrieving_tweets_polarity_stock: 499 - ##############################################################################
2022-05-31 13:24:50,737 - Fast API - INFO  - handlers.py - handlers: recommending: 516 - ##############################################################################
2022-05-31 13:24:50,738 - Fast API - INFO  - handlers.py - handlers: recommending: 517 - According to the ML Predictions and Sentiment Analysis of Tweets, aRISEinBTC-USDstock is expected => BUY
2022-05-31 13:24:50,739 - Fast API - INFO  - main.py - main: insertintostock: 168 - Forecasted Prices for Next 7 days:
2022-05-31 13:24:50,739 - Fast API - INFO  - main.py - main: insertintostock: 169 - [[32274.89986547]
 [32789.50476575]
 [32703.32562445]
 [32430.4939209 ]
 [31839.18523357]
 [32012.35419339]
 [34521.8479612 ]]
2022-05-31 13:26:33,036 - Fast API - INFO  - handlers.py - handlers: get_historical: 115 - BTC-USD
2022-05-31 13:26:34,236 - Fast API - INFO  - handlers.py - handlers: get_historical: 118 -                     High           Low  ...        Volume     Adj Close
Date                                    ...                            
2021-05-30  36400.667969  33520.738281  ...  3.164608e+10  35678.128906
2021-05-31  37468.250000  34241.945312  ...  3.900985e+10  37332.855469
2021-06-01  37896.734375  35787.085938  ...  3.463942e+10  36684.925781
2021-06-02  38231.339844  35966.308594  ...  3.307087e+10  37575.179688
2021-06-03  39478.953125  37243.972656  ...  3.546075e+10  39208.765625
...                  ...           ...  ...           ...           ...
2022-05-25  30157.785156  29384.949219  ...  2.752506e+10  29562.361328
2022-05-26  29834.160156  28261.906250  ...  3.677433e+10  29267.224609
2022-05-27  29346.943359  28326.613281  ...  3.658201e+10  28627.574219
2022-05-28  28814.900391  28554.566406  ...  3.551958e+10  28814.900391
2022-05-31  31774.306641  31474.814453  ...  3.740143e+10  31548.806641

[365 rows x 6 columns]
2022-05-31 13:26:34,331 - Fast API - INFO  - main.py - main: insertintostock: 134 - ##############################################################################
2022-05-31 13:26:34,331 - Fast API - INFO  - main.py - main: insertintostock: 135 - Today'sBTC-USDStock Data: 
2022-05-31 13:26:34,332 - Fast API - INFO  - main.py - main: insertintostock: 137 -            Date          High  ...        Volume     Adj Close
364  2022-05-31  31774.306641  ...  3.740143e+10  31548.806641

[1 rows x 7 columns]
2022-05-31 13:26:34,376 - Fast API - INFO  - main.py - main: insertintostock: 138 - ##############################################################################
2022-05-31 13:26:52,941 - Fast API - INFO  - handlers.py - handlers: ARIMA_ALGO: 187 - ##############################################################################
2022-05-31 13:26:52,941 - Fast API - INFO  - handlers.py - handlers: ARIMA_ALGO: 189 - Tomorrow's BTC-USD  Closing Price Prediction by ARIMA:28617.541356453297
2022-05-31 13:26:52,942 - Fast API - INFO  - handlers.py - handlers: ARIMA_ALGO: 192 - ARIMA RMSE:1237.1741401199345
2022-05-31 13:26:52,942 - Fast API - INFO  - handlers.py - handlers: ARIMA_ALGO: 193 - ##############################################################################
2022-05-31 13:27:06,798 - Fast API - INFO  - handlers.py - handlers: LSTM_ALGO: 319 - ##############################################################################
2022-05-31 13:27:06,798 - Fast API - INFO  - handlers.py - handlers: LSTM_ALGO: 320 - Tomorrow's BTC-USD Closing Price Prediction by LSTM: 30467.16796875
2022-05-31 13:27:06,798 - Fast API - INFO  - handlers.py - handlers: LSTM_ALGO: 321 - LSTM RMSE:2292.8980098533502
2022-05-31 13:27:06,799 - Fast API - INFO  - handlers.py - handlers: LSTM_ALGO: 322 - ##############################################################################
2022-05-31 13:27:06,898 - Fast API - INFO  - handlers.py - handlers: LIN_REG_ALGO: 382 - ##############################################################################
2022-05-31 13:27:06,898 - Fast API - INFO  - handlers.py - handlers: LIN_REG_ALGO: 383 - Tomorrow's BTC-USD Closing Price Prediction by Linear Regression: 32274.89986546967
2022-05-31 13:27:06,898 - Fast API - INFO  - handlers.py - handlers: LIN_REG_ALGO: 384 - Linear Regression RMSE:4885.546073872881
2022-05-31 13:27:06,898 - Fast API - INFO  - handlers.py - handlers: LIN_REG_ALGO: 385 - ##############################################################################
2022-05-31 13:27:30,019 - Fast API - INFO  - handlers.py - handlers: retrieving_tweets_polarity_stock: 481 - ##############################################################################
2022-05-31 13:27:30,019 - Fast API - INFO  - handlers.py - handlers: retrieving_tweets_polarity_stock: 482 - Positive Tweets :94Negative Tweets :55Neutral Tweets :151
2022-05-31 13:27:30,020 - Fast API - INFO  - handlers.py - handlers: retrieving_tweets_polarity_stock: 483 - ##############################################################################
2022-05-31 13:27:30,072 - Fast API - INFO  - handlers.py - handlers: retrieving_tweets_polarity_stock: 497 - ##############################################################################
2022-05-31 13:27:30,072 - Fast API - INFO  - handlers.py - handlers: retrieving_tweets_polarity_stock: 498 - Tweets Polarity: Overall Positive
2022-05-31 13:27:30,072 - Fast API - INFO  - handlers.py - handlers: retrieving_tweets_polarity_stock: 499 - ##############################################################################
2022-05-31 13:27:30,080 - Fast API - INFO  - handlers.py - handlers: recommending: 516 - ##############################################################################
2022-05-31 13:27:30,080 - Fast API - INFO  - handlers.py - handlers: recommending: 517 - According to the ML Predictions and Sentiment Analysis of Tweets, aRISEinBTC-USDstock is expected => BUY
2022-05-31 13:27:30,081 - Fast API - INFO  - main.py - main: insertintostock: 168 - Forecasted Prices for Next 7 days:
2022-05-31 13:27:30,081 - Fast API - INFO  - main.py - main: insertintostock: 169 - [[32274.89986547]
 [32789.50476575]
 [32703.32562445]
 [32430.4939209 ]
 [31839.18523357]
 [32012.35419339]
 [34539.64494421]]
2022-05-31 13:30:54,798 - Fast API - INFO  - handlers.py - handlers: get_historical: 115 - TCS.NS
2022-05-31 13:30:55,880 - Fast API - INFO  - handlers.py - handlers: get_historical: 118 -                    High          Low  ...     Volume    Adj Close
Date                                  ...                        
2021-05-31  3170.350098  3128.600098  ...  1652799.0  3119.700439
2021-06-01  3169.949951  3132.000000  ...  1377441.0  3113.627197
2021-06-02  3159.449951  3115.000000  ...  2240078.0  3090.371338
2021-06-03  3154.550049  3122.649902  ...  1281706.0  3102.023682
2021-06-04  3156.850098  3125.000000  ...  1836060.0  3104.492920
...                 ...          ...  ...        ...          ...
2022-05-25  3292.850098  3154.050049  ...  3548046.0  3167.649902
2022-05-26  3241.500000  3180.550049  ...  2813186.0  3226.949951
2022-05-27  3278.899902  3229.199951  ...  3103153.0  3261.300049
2022-05-30  3386.600098  3286.350098  ...  2094624.0  3375.250000
2022-05-31  3383.399902  3325.000000  ...  1714977.0  3362.000000

[250 rows x 6 columns]
2022-05-31 13:30:55,985 - Fast API - INFO  - main.py - main: insertintostock: 134 - ##############################################################################
2022-05-31 13:30:55,985 - Fast API - INFO  - main.py - main: insertintostock: 135 - Today'sTCS.NSStock Data: 
2022-05-31 13:30:55,985 - Fast API - INFO  - main.py - main: insertintostock: 137 -            Date         High     Low         Open   Close     Volume  Adj Close
249  2022-05-31  3383.399902  3325.0  3354.149902  3362.0  1714977.0     3362.0
2022-05-31 13:30:56,042 - Fast API - INFO  - main.py - main: insertintostock: 138 - ##############################################################################
2022-05-31 13:31:13,603 - Fast API - INFO  - handlers.py - handlers: ARIMA_ALGO: 187 - ##############################################################################
2022-05-31 13:31:13,604 - Fast API - INFO  - handlers.py - handlers: ARIMA_ALGO: 189 - Tomorrow's TCS.NS  Closing Price Prediction by ARIMA:3261.9066979012214
2022-05-31 13:31:13,604 - Fast API - INFO  - handlers.py - handlers: ARIMA_ALGO: 192 - ARIMA RMSE:56.33471302322766
2022-05-31 13:31:13,604 - Fast API - INFO  - handlers.py - handlers: ARIMA_ALGO: 193 - ##############################################################################
2022-05-31 13:31:29,324 - Fast API - INFO  - handlers.py - handlers: LSTM_ALGO: 319 - ##############################################################################
2022-05-31 13:31:29,325 - Fast API - INFO  - handlers.py - handlers: LSTM_ALGO: 320 - Tomorrow's TCS.NS Closing Price Prediction by LSTM: 3330.73876953125
2022-05-31 13:31:29,325 - Fast API - INFO  - handlers.py - handlers: LSTM_ALGO: 321 - LSTM RMSE:85.94477355140302
2022-05-31 13:31:29,325 - Fast API - INFO  - handlers.py - handlers: LSTM_ALGO: 322 - ##############################################################################
2022-05-31 13:31:29,427 - Fast API - INFO  - handlers.py - handlers: LIN_REG_ALGO: 382 - ##############################################################################
2022-05-31 13:31:29,427 - Fast API - INFO  - handlers.py - handlers: LIN_REG_ALGO: 383 - Tomorrow's TCS.NS Closing Price Prediction by Linear Regression: 3525.1841351920707
2022-05-31 13:31:29,427 - Fast API - INFO  - handlers.py - handlers: LIN_REG_ALGO: 384 - Linear Regression RMSE:248.33075030860758
2022-05-31 13:31:29,427 - Fast API - INFO  - handlers.py - handlers: LIN_REG_ALGO: 385 - ##############################################################################
2022-05-31 13:31:31,153 - Fast API - INFO  - handlers.py - handlers: retrieving_tweets_polarity_stock: 482 - ##############################################################################
2022-05-31 13:31:31,154 - Fast API - INFO  - handlers.py - handlers: retrieving_tweets_polarity_stock: 483 - Positive Tweets :6Negative Tweets :3Neutral Tweets :291
2022-05-31 13:31:31,154 - Fast API - INFO  - handlers.py - handlers: retrieving_tweets_polarity_stock: 484 - ##############################################################################
2022-05-31 13:31:31,263 - Fast API - INFO  - handlers.py - handlers: retrieving_tweets_polarity_stock: 498 - ##############################################################################
2022-05-31 13:31:31,263 - Fast API - INFO  - handlers.py - handlers: retrieving_tweets_polarity_stock: 499 - Tweets Polarity: Overall Positive
2022-05-31 13:31:31,263 - Fast API - INFO  - handlers.py - handlers: retrieving_tweets_polarity_stock: 500 - ##############################################################################
2022-05-31 13:31:31,277 - Fast API - INFO  - handlers.py - handlers: recommending: 517 - ##############################################################################
2022-05-31 13:31:31,278 - Fast API - INFO  - handlers.py - handlers: recommending: 518 - According to the ML Predictions and Sentiment Analysis of Tweets, aRISEinTCS.NSstock is expected => BUY
2022-05-31 13:31:31,279 - Fast API - INFO  - main.py - main: insertintostock: 168 - Forecasted Prices for Next 7 days:
2022-05-31 13:31:31,279 - Fast API - INFO  - main.py - main: insertintostock: 169 - [[3525.18413519]
 [3497.13814986]
 [3397.12816248]
 [3446.40603803]
 [3474.95069981]
 [3569.64221565]
 [3558.63156955]]
2022-05-31 13:32:28,908 - Fast API - INFO  - handlers.py - handlers: get_historical: 115 - BTC-USD
2022-05-31 13:32:30,020 - Fast API - INFO  - handlers.py - handlers: get_historical: 118 -                     High           Low  ...        Volume     Adj Close
Date                                    ...                            
2021-05-30  36400.667969  33520.738281  ...  3.164608e+10  35678.128906
2021-05-31  37468.250000  34241.945312  ...  3.900985e+10  37332.855469
2021-06-01  37896.734375  35787.085938  ...  3.463942e+10  36684.925781
2021-06-02  38231.339844  35966.308594  ...  3.307087e+10  37575.179688
2021-06-03  39478.953125  37243.972656  ...  3.546075e+10  39208.765625
...                  ...           ...  ...           ...           ...
2022-05-25  30157.785156  29384.949219  ...  2.752506e+10  29562.361328
2022-05-26  29834.160156  28261.906250  ...  3.677433e+10  29267.224609
2022-05-27  29346.943359  28326.613281  ...  3.658201e+10  28627.574219
2022-05-28  28814.900391  28554.566406  ...  3.551958e+10  28814.900391
2022-05-31  31774.306641  31474.814453  ...  3.740620e+10  31572.009766

[365 rows x 6 columns]
2022-05-31 13:32:30,112 - Fast API - INFO  - main.py - main: insertintostock: 134 - ##############################################################################
2022-05-31 13:32:30,112 - Fast API - INFO  - main.py - main: insertintostock: 135 - Today'sBTC-USDStock Data: 
2022-05-31 13:32:30,112 - Fast API - INFO  - main.py - main: insertintostock: 137 -            Date          High  ...        Volume     Adj Close
364  2022-05-31  31774.306641  ...  3.740620e+10  31572.009766

[1 rows x 7 columns]
2022-05-31 13:32:30,154 - Fast API - INFO  - main.py - main: insertintostock: 138 - ##############################################################################
2022-05-31 13:33:04,077 - Fast API - INFO  - handlers.py - handlers: ARIMA_ALGO: 187 - ##############################################################################
2022-05-31 13:33:04,077 - Fast API - INFO  - handlers.py - handlers: ARIMA_ALGO: 189 - Tomorrow's BTC-USD  Closing Price Prediction by ARIMA:28617.541356453297
2022-05-31 13:33:04,078 - Fast API - INFO  - handlers.py - handlers: ARIMA_ALGO: 192 - ARIMA RMSE:1237.8651639793343
2022-05-31 13:33:04,078 - Fast API - INFO  - handlers.py - handlers: ARIMA_ALGO: 193 - ##############################################################################
2022-05-31 13:33:33,438 - Fast API - INFO  - handlers.py - handlers: LSTM_ALGO: 319 - ##############################################################################
2022-05-31 13:33:33,439 - Fast API - INFO  - handlers.py - handlers: LSTM_ALGO: 320 - Tomorrow's BTC-USD Closing Price Prediction by LSTM: 30654.40625
2022-05-31 13:33:33,439 - Fast API - INFO  - handlers.py - handlers: LSTM_ALGO: 321 - LSTM RMSE:2293.246599367828
2022-05-31 13:33:33,439 - Fast API - INFO  - handlers.py - handlers: LSTM_ALGO: 322 - ##############################################################################
2022-05-31 13:33:33,645 - Fast API - INFO  - handlers.py - handlers: LIN_REG_ALGO: 382 - ##############################################################################
2022-05-31 13:33:33,645 - Fast API - INFO  - handlers.py - handlers: LIN_REG_ALGO: 383 - Tomorrow's BTC-USD Closing Price Prediction by Linear Regression: 32274.89986546967
2022-05-31 13:33:33,645 - Fast API - INFO  - handlers.py - handlers: LIN_REG_ALGO: 384 - Linear Regression RMSE:4885.413181274787
2022-05-31 13:33:33,645 - Fast API - INFO  - handlers.py - handlers: LIN_REG_ALGO: 385 - ##############################################################################
2022-05-31 13:33:56,286 - Fast API - INFO  - handlers.py - handlers: retrieving_tweets_polarity_stock: 482 - ##############################################################################
2022-05-31 13:33:56,286 - Fast API - INFO  - handlers.py - handlers: retrieving_tweets_polarity_stock: 483 - Positive Tweets :94Negative Tweets :53Neutral Tweets :153
2022-05-31 13:33:56,286 - Fast API - INFO  - handlers.py - handlers: retrieving_tweets_polarity_stock: 484 - ##############################################################################
2022-05-31 13:33:56,387 - Fast API - INFO  - handlers.py - handlers: retrieving_tweets_polarity_stock: 498 - ##############################################################################
2022-05-31 13:33:56,387 - Fast API - INFO  - handlers.py - handlers: retrieving_tweets_polarity_stock: 499 - Tweets Polarity: Overall Positive
2022-05-31 13:33:56,387 - Fast API - INFO  - handlers.py - handlers: retrieving_tweets_polarity_stock: 500 - ##############################################################################
2022-05-31 13:33:56,401 - Fast API - INFO  - handlers.py - handlers: recommending: 517 - ##############################################################################
2022-05-31 13:33:56,402 - Fast API - INFO  - handlers.py - handlers: recommending: 518 - According to the ML Predictions and Sentiment Analysis of Tweets, aRISEinBTC-USDstock is expected => BUY
2022-05-31 13:33:56,402 - Fast API - INFO  - main.py - main: insertintostock: 168 - Forecasted Prices for Next 7 days:
2022-05-31 13:33:56,403 - Fast API - INFO  - main.py - main: insertintostock: 169 - [[32274.89986547]
 [32789.50476575]
 [32703.32562445]
 [32430.4939209 ]
 [31839.18523357]
 [32012.35419339]
 [34561.0944885 ]]
